f:\新建文件夹\90-b2\90-b2\debug\vc142.pdb
f:\新建文件夹\90-b2\90-b2\debug\vc142.idb
f:\新建文件夹\90-b2\90-b2\debug\cmd_console_tools.obj
f:\新建文件夹\90-b2\90-b2\debug\90-b2-main.obj
f:\新建文件夹\90-b2\90-b2\debug\9-b2-tools.obj
f:\新建文件夹\90-b2\90-b2\debug\9-b2-base.obj
f:\新建文件夹\90-b2\90-b2\debug\9-b2-console.obj
f:\新建文件夹\90-b2\debug\90-b2.pdb
f:\新建文件夹\90-b2\90-b2\debug\90-b2.tlog\cl.command.1.tlog
f:\新建文件夹\90-b2\90-b2\debug\90-b2.tlog\cl.read.1.tlog
f:\新建文件夹\90-b2\90-b2\debug\90-b2.tlog\cl.write.1.tlog
f:\新建文件夹\90-b2\90-b2\debug\90-b2.tlog\link-cvtres.read.1.tlog
f:\新建文件夹\90-b2\90-b2\debug\90-b2.tlog\link-cvtres.write.1.tlog
f:\新建文件夹\90-b2\90-b2\debug\90-b2.tlog\link-rc.read.1.tlog
f:\新建文件夹\90-b2\90-b2\debug\90-b2.tlog\link-rc.write.1.tlog
f:\新建文件夹\90-b2\90-b2\debug\90-b2.tlog\link.6088-cvtres.read.1.tlog
f:\新建文件夹\90-b2\90-b2\debug\90-b2.tlog\link.6088-cvtres.write.1.tlog
f:\新建文件夹\90-b2\90-b2\debug\90-b2.tlog\link.6088-rc.read.1.tlog
f:\新建文件夹\90-b2\90-b2\debug\90-b2.tlog\link.6088-rc.write.1.tlog
f:\新建文件夹\90-b2\90-b2\debug\90-b2.tlog\link.6088.read.1.tlog
f:\新建文件夹\90-b2\90-b2\debug\90-b2.tlog\link.6088.write.1.tlog
f:\新建文件夹\90-b2\90-b2\debug\90-b2.tlog\link.command.1.tlog
f:\新建文件夹\90-b2\90-b2\debug\90-b2.tlog\link.read.1.tlog
f:\新建文件夹\90-b2\90-b2\debug\90-b2.tlog\link.write.1.tlog
